---[Wed Mar 26 04:29:26 PM IST 2025]---
CMD: [curl -vsk -o $2 -H "Authorization: PVEAPIToken=$TOKEN" https://$PROXMOX_SERVER/$1 2>> $CLOG]
*   Trying 192.168.1.200:8006...
* Connected to proxmox (192.168.1.200) port 8006 (#0)
* ALPN, offering h2
* ALPN, offering http/1.1
* TLSv1.0 (OUT), TLS header, Certificate Status (22):
} [5 bytes data]
* TLSv1.3 (OUT), TLS handshake, Client hello (1):
} [512 bytes data]
* TLSv1.2 (IN), TLS header, Certificate Status (22):
{ [5 bytes data]
* TLSv1.3 (IN), TLS handshake, Server hello (2):
{ [122 bytes data]
* TLSv1.2 (IN), TLS header, Finished (20):
{ [5 bytes data]
* TLSv1.2 (IN), TLS header, Supplemental data (23):
{ [5 bytes data]
* TLSv1.3 (IN), TLS handshake, Encrypted Extensions (8):
{ [6 bytes data]
* TLSv1.2 (IN), TLS header, Supplemental data (23):
{ [5 bytes data]
* TLSv1.3 (IN), TLS handshake, Certificate (11):
{ [1295 bytes data]
* TLSv1.2 (IN), TLS header, Supplemental data (23):
{ [5 bytes data]
* TLSv1.3 (IN), TLS handshake, CERT verify (15):
{ [264 bytes data]
* TLSv1.2 (IN), TLS header, Supplemental data (23):
{ [5 bytes data]
* TLSv1.3 (IN), TLS handshake, Finished (20):
{ [52 bytes data]
* TLSv1.2 (OUT), TLS header, Finished (20):
} [5 bytes data]
* TLSv1.3 (OUT), TLS change cipher, Change cipher spec (1):
} [1 bytes data]
* TLSv1.2 (OUT), TLS header, Supplemental data (23):
} [5 bytes data]
* TLSv1.3 (OUT), TLS handshake, Finished (20):
} [52 bytes data]
* SSL connection using TLSv1.3 / TLS_AES_256_GCM_SHA384
* ALPN, server did not agree to a protocol
* Server certificate:
*  subject: OU=PVE Cluster Node; O=Proxmox Virtual Environment; CN=proxmox.pandora
*  start date: Mar 21 12:04:44 2025 GMT
*  expire date: Mar 21 12:04:44 2027 GMT
*  issuer: CN=Proxmox Virtual Environment; OU=760626e3-2a25-4b16-acc8-3847d36843d2; O=PVE Cluster Manager CA
*  SSL certificate verify result: unable to get local issuer certificate (20), continuing anyway.
* TLSv1.2 (OUT), TLS header, Supplemental data (23):
} [5 bytes data]
> GET /api2/json/nodes/proxmox/status HTTP/1.1
> Host: proxmox:8006
> User-Agent: curl/7.81.0
> Accept: */*
> Authorization: PVEAPIToken=rahul@pam!rj101=1c03b5e4-4550-4cd5-8416-d326260a8cad
> 
* TLSv1.2 (IN), TLS header, Supplemental data (23):
{ [5 bytes data]
* TLSv1.3 (IN), TLS handshake, Newsession Ticket (4):
{ [233 bytes data]
* TLSv1.2 (IN), TLS header, Supplemental data (23):
{ [5 bytes data]
* TLSv1.3 (IN), TLS handshake, Newsession Ticket (4):
{ [233 bytes data]
* old SSL session ID is stale, removing
* TLSv1.2 (IN), TLS header, Supplemental data (23):
{ [5 bytes data]
* Mark bundle as not supporting multiuse
< HTTP/1.1 200 OK
< Cache-Control: max-age=0
< Connection: Keep-Alive
< Date: Wed, 26 Mar 2025 10:59:28 GMT
< Pragma: no-cache
< Server: pve-api-daemon/3.0
< Content-Length: 1720
< Content-Type: application/json;charset=UTF-8
< Expires: Wed, 26 Mar 2025 10:59:28 GMT
< 
{ [1720 bytes data]
* Connection #0 to host proxmox left intact
